# JRE version: Java(TM) SE Runtime Environment (8.0_25-b17) (build 1.8.0_25-b17)
# Java VM: Java HotSpot(TM) 64-Bit Server VM (25.25-b02 mixed mode bsd-amd64 compressed oops)
Heap:
 PSYoungGen      total 90112K, used 29016K [0x0000000795580000, 0x000000079dc80000, 0x00000007c0000000)
  eden space 79360K, 36% used [0x0000000795580000,0x00000007971d6328,0x000000079a300000)
  from space 10752K, 0% used [0x000000079ad80000,0x000000079ad80000,0x000000079b800000)
  to   space 10752K, 0% used [0x000000079a300000,0x000000079a300000,0x000000079ad80000)
 ParOldGen       total 173568K, used 21972K [0x0000000740000000, 0x000000074a980000, 0x0000000795580000)
  object space 173568K, 12% used [0x0000000740000000,0x0000000741575168,0x000000074a980000)
 Metaspace       used 35907K, capacity 37202K, committed 37464K, reserved 1079296K
  class space    used 6382K, capacity 6658K, committed 6744K, reserved 1048576K
GC Heap History (10 events):
Event: 1.877 GC heap before
{Heap before GC invocations=2 (full 1):
 PSYoungGen      total 76288K, used 4672K [0x0000000795580000, 0x000000079aa80000, 0x00000007c0000000)
  eden space 65536K, 0% used [0x0000000795580000,0x0000000795580000,0x0000000799580000)
  from space 10752K, 43% used [0x0000000799580000,0x0000000799a10000,0x000000079a000000)
  to   space 10752K, 0% used [0x000000079a000000,0x000000079a000000,0x000000079aa80000)
 ParOldGen       total 175104K, used 16K [0x0000000740000000, 0x000000074ab00000, 0x0000000795580000)
  object space 175104K, 0% used [0x0000000740000000,0x0000000740004000,0x000000074ab00000)
 Metaspace       used 21014K, capacity 21114K, committed 21248K, reserved 1067008K
  class space    used 3947K, capacity 3993K, committed 4096K, reserved 1048576K
Event: 1.910 GC heap after
Heap after GC invocations=2 (full 1):
 PSYoungGen      total 76288K, used 0K [0x0000000795580000, 0x000000079aa80000, 0x00000007c0000000)
  eden space 65536K, 0% used [0x0000000795580000,0x0000000795580000,0x0000000799580000)
  from space 10752K, 0% used [0x0000000799580000,0x0000000799580000,0x000000079a000000)
  to   space 10752K, 0% used [0x000000079a000000,0x000000079a000000,0x000000079aa80000)
 ParOldGen       total 122880K, used 4516K [0x0000000740000000, 0x0000000747800000, 0x0000000795580000)
  object space 122880K, 3% used [0x0000000740000000,0x00000007404691f0,0x0000000747800000)
 Metaspace       used 21011K, capacity 21110K, committed 21248K, reserved 1067008K
  class space    used 3945K, capacity 3991K, committed 4096K, reserved 1048576K
}
Event: 4.294 GC heap before
{Heap before GC invocations=3 (full 1):
 PSYoungGen      total 76288K, used 65536K [0x0000000795580000, 0x000000079aa80000, 0x00000007c0000000)
  eden space 65536K, 100% used [0x0000000795580000,0x0000000799580000,0x0000000799580000)
  from space 10752K, 0% used [0x0000000799580000,0x0000000799580000,0x000000079a000000)
  to   space 10752K, 0% used [0x000000079a000000,0x000000079a000000,0x000000079aa80000)
 ParOldGen       total 122880K, used 4516K [0x0000000740000000, 0x0000000747800000, 0x0000000795580000)
  object space 122880K, 3% used [0x0000000740000000,0x00000007404691f0,0x0000000747800000)
 Metaspace       used 31648K, capacity 31950K, committed 32128K, reserved 1075200K
  class space    used 5584K, capacity 5696K, committed 5760K, reserved 1048576K
Event: 4.315 GC heap after
Heap after GC invocations=3 (full 1):
 PSYoungGen      total 76288K, used 10739K [0x0000000795580000, 0x000000079bb00000, 0x00000007c0000000)
  eden space 65536K, 0% used [0x0000000795580000,0x0000000795580000,0x0000000799580000)
  from space 10752K, 99% used [0x000000079a000000,0x000000079aa7cdc8,0x000000079aa80000)
  to   space 10752K, 0% used [0x0000000799580000,0x0000000799580000,0x000000079a000000)
 ParOldGen       total 122880K, used 5302K [0x0000000740000000, 0x0000000747800000, 0x0000000795580000)
  object space 122880K, 4% used [0x0000000740000000,0x000000074052d888,0x0000000747800000)
 Metaspace       used 31648K, capacity 31950K, committed 32128K, reserved 1075200K
  class space    used 5584K, capacity 5696K, committed 5760K, reserved 1048576K
}
Event: 12.139 GC heap before
{Heap before GC invocations=4 (full 1):
 PSYoungGen      total 76288K, used 76275K [0x0000000795580000, 0x000000079bb00000, 0x00000007c0000000)
  eden space 65536K, 100% used [0x0000000795580000,0x0000000799580000,0x0000000799580000)
  from space 10752K, 99% used [0x000000079a000000,0x000000079aa7cdc8,0x000000079aa80000)
  to   space 10752K, 0% used [0x0000000799580000,0x0000000799580000,0x000000079a000000)
 ParOldGen       total 122880K, used 5302K [0x0000000740000000, 0x0000000747800000, 0x0000000795580000)
  object space 122880K, 4% used [0x0000000740000000,0x000000074052d888,0x0000000747800000)
 Metaspace       used 33976K, capacity 35002K, committed 35328K, reserved 1079296K
  class space    used 5870K, capacity 6104K, committed 6144K, reserved 1048576K
Event: 12.154 GC heap after
Heap after GC invocations=4 (full 1):
 PSYoungGen      total 76288K, used 10750K [0x0000000795580000, 0x000000079b800000, 0x00000007c0000000)
  eden space 65536K, 0% used [0x0000000795580000,0x0000000795580000,0x0000000799580000)
  from space 10752K, 99% used [0x0000000799580000,0x0000000799fffa20,0x000000079a000000)
  to   space 10752K, 0% used [0x000000079ad80000,0x000000079ad80000,0x000000079b800000)
 ParOldGen       total 122880K, used 11741K [0x0000000740000000, 0x0000000747800000, 0x0000000795580000)
  object space 122880K, 9% used [0x0000000740000000,0x0000000740b77408,0x0000000747800000)
 Metaspace       used 33976K, capacity 35002K, committed 35328K, reserved 1079296K
  class space    used 5870K, capacity 6104K, committed 6144K, reserved 1048576K
}
Event: 12.192 GC heap before
{Heap before GC invocations=5 (full 1):
 PSYoungGen      total 76288K, used 11886K [0x0000000795580000, 0x000000079b800000, 0x00000007c0000000)
  eden space 65536K, 1% used [0x0000000795580000,0x000000079569bf70,0x0000000799580000)
  from space 10752K, 99% used [0x0000000799580000,0x0000000799fffa20,0x000000079a000000)
  to   space 10752K, 0% used [0x000000079ad80000,0x000000079ad80000,0x000000079b800000)
 ParOldGen       total 122880K, used 11741K [0x0000000740000000, 0x0000000747800000, 0x0000000795580000)
  object space 122880K, 9% used [0x0000000740000000,0x0000000740b77408,0x0000000747800000)
 Metaspace       used 34317K, capacity 35290K, committed 35416K, reserved 1079296K
  class space    used 5968K, capacity 6200K, committed 6232K, reserved 1048576K
Event: 12.205 GC heap after
Heap after GC invocations=5 (full 1):
 PSYoungGen      total 90112K, used 10750K [0x0000000795580000, 0x000000079dc80000, 0x00000007c0000000)
  eden space 79360K, 0% used [0x0000000795580000,0x0000000795580000,0x000000079a300000)
  from space 10752K, 99% used [0x000000079ad80000,0x000000079b7ffa00,0x000000079b800000)
  to   space 10752K, 0% used [0x000000079a300000,0x000000079a300000,0x000000079ad80000)
 ParOldGen       total 122880K, used 11920K [0x0000000740000000, 0x0000000747800000, 0x0000000795580000)
  object space 122880K, 9% used [0x0000000740000000,0x0000000740ba41e0,0x0000000747800000)
 Metaspace       used 34317K, capacity 35290K, committed 35416K, reserved 1079296K
  class space    used 5968K, capacity 6200K, committed 6232K, reserved 1048576K
}
Event: 12.205 GC heap before
{Heap before GC invocations=6 (full 2):
 PSYoungGen      total 90112K, used 10750K [0x0000000795580000, 0x000000079dc80000, 0x00000007c0000000)
  eden space 79360K, 0% used [0x0000000795580000,0x0000000795580000,0x000000079a300000)
  from space 10752K, 99% used [0x000000079ad80000,0x000000079b7ffa00,0x000000079b800000)
  to   space 10752K, 0% used [0x000000079a300000,0x000000079a300000,0x000000079ad80000)
 ParOldGen       total 122880K, used 11920K [0x0000000740000000, 0x0000000747800000, 0x0000000795580000)
  object space 122880K, 9% used [0x0000000740000000,0x0000000740ba41e0,0x0000000747800000)
 Metaspace       used 34317K, capacity 35290K, committed 35416K, reserved 1079296K
  class space    used 5968K, capacity 6200K, committed 6232K, reserved 1048576K
Event: 12.393 GC heap after
Heap after GC invocations=6 (full 2):
 PSYoungGen      total 90112K, used 0K [0x0000000795580000, 0x000000079dc80000, 0x00000007c0000000)
  eden space 79360K, 0% used [0x0000000795580000,0x0000000795580000,0x000000079a300000)
  from space 10752K, 0% used [0x000000079ad80000,0x000000079ad80000,0x000000079b800000)
  to   space 10752K, 0% used [0x000000079a300000,0x000000079a300000,0x000000079ad80000)
 ParOldGen       total 173568K, used 21972K [0x0000000740000000, 0x000000074a980000, 0x0000000795580000)
  object space 173568K, 12% used [0x0000000740000000,0x0000000741575168,0x000000074a980000)
 Metaspace       used 34317K, capacity 35290K, committed 35416K, reserved 1079296K
  class space    used 5968K, capacity 6200K, committed 6232K, reserved 1048576K
}

